epoch:  1 train_loss:  0.25215666447766144 train_accuracy:  0.06777777777777778 test_loss:  0.25162529129097244 test_accuracy:  0.06866666666666667
epoch:  2 train_loss:  0.22680007262370305 train_accuracy:  0.08466666666666667 test_loss:  0.22545744856431402 test_accuracy:  0.08644444444444445
epoch:  3 train_loss:  0.21148381895828228 train_accuracy:  0.09911111111111111 test_loss:  0.2111194494683814 test_accuracy:  0.09888888888888889
epoch:  4 train_loss:  0.18965317552646518 train_accuracy:  0.10555555555555556 test_loss:  0.18945409277591171 test_accuracy:  0.10488888888888889
epoch:  5 train_loss:  0.15900586608396242 train_accuracy:  0.10622222222222222 test_loss:  0.1590346074448926 test_accuracy:  0.10488888888888889
epoch:  6 train_loss:  0.13368358562609647 train_accuracy:  0.108 test_loss:  0.1338929189267241 test_accuracy:  0.10755555555555556
epoch:  7 train_loss:  0.11756899258140849 train_accuracy:  0.11177777777777778 test_loss:  0.11778871710694042 test_accuracy:  0.11088888888888888
epoch:  8 train_loss:  0.1083121660506659 train_accuracy:  0.11977777777777777 test_loss:  0.10850523397370332 test_accuracy:  0.11777777777777777
epoch:  9 train_loss:  0.10293179114705492 train_accuracy:  0.12511111111111112 test_loss:  0.10310589710543855 test_accuracy:  0.12466666666666666
epoch:  10 train_loss:  0.09983161199918124 train_accuracy:  0.12955555555555556 test_loss:  0.09999296759656176 test_accuracy:  0.13044444444444445
epoch:  11 train_loss:  0.09779598905212589 train_accuracy:  0.13555555555555557 test_loss:  0.09794319802768686 test_accuracy:  0.13533333333333333
epoch:  12 train_loss:  0.09633781083149778 train_accuracy:  0.14244444444444446 test_loss:  0.09646965526025097 test_accuracy:  0.14222222222222222
epoch:  13 train_loss:  0.09524161743790256 train_accuracy:  0.15244444444444444 test_loss:  0.09536303340168018 test_accuracy:  0.15155555555555555
epoch:  14 train_loss:  0.09420616148898787 train_accuracy:  0.16533333333333333 test_loss:  0.09431886199820882 test_accuracy:  0.16466666666666666
epoch:  15 train_loss:  0.09321479707556286 train_accuracy:  0.17777777777777778 test_loss:  0.0933212981336749 test_accuracy:  0.17777777777777778
epoch:  16 train_loss:  0.09224972337091501 train_accuracy:  0.18733333333333332 test_loss:  0.09234971395316617 test_accuracy:  0.18711111111111112
epoch:  17 train_loss:  0.09129891104640431 train_accuracy:  0.20533333333333334 test_loss:  0.09139566680295749 test_accuracy:  0.20422222222222222
epoch:  18 train_loss:  0.09036578005004195 train_accuracy:  0.22866666666666666 test_loss:  0.09045861584578309 test_accuracy:  0.2268888888888889
epoch:  19 train_loss:  0.0895125876015022 train_accuracy:  0.25466666666666665 test_loss:  0.08960546034495293 test_accuracy:  0.252
epoch:  20 train_loss:  0.08878261569572779 train_accuracy:  0.27755555555555556 test_loss:  0.08887476619847935 test_accuracy:  0.2748888888888889
epoch:  21 train_loss:  0.08807827394034166 train_accuracy:  0.2926666666666667 test_loss:  0.08816717331723865 test_accuracy:  0.29155555555555557
epoch:  22 train_loss:  0.08755891590800757 train_accuracy:  0.3022222222222222 test_loss:  0.08764772640996445 test_accuracy:  0.30044444444444446
epoch:  23 train_loss:  0.08714986807366956 train_accuracy:  0.30777777777777776 test_loss:  0.08723544765288092 test_accuracy:  0.306
epoch:  24 train_loss:  0.08677781023354127 train_accuracy:  0.3164444444444444 test_loss:  0.08686506072418136 test_accuracy:  0.31466666666666665
epoch:  25 train_loss:  0.08644136692698505 train_accuracy:  0.326 test_loss:  0.08653157740404412 test_accuracy:  0.3233333333333333
epoch:  26 train_loss:  0.08603524142037815 train_accuracy:  0.3308888888888889 test_loss:  0.08612326279682604 test_accuracy:  0.32844444444444443
epoch:  27 train_loss:  0.08567188227644051 train_accuracy:  0.3377777777777778 test_loss:  0.08575484813113413 test_accuracy:  0.3353333333333333
epoch:  28 train_loss:  0.08527686708655419 train_accuracy:  0.3453333333333333 test_loss:  0.08536152077883012 test_accuracy:  0.3433333333333333
epoch:  29 train_loss:  0.0846640061829626 train_accuracy:  0.3506666666666667 test_loss:  0.08474107107220875 test_accuracy:  0.3466666666666667
epoch:  30 train_loss:  0.08406424908794734 train_accuracy:  0.358 test_loss:  0.08413781822218067 test_accuracy:  0.3551111111111111
epoch:  31 train_loss:  0.08321039918140172 train_accuracy:  0.368 test_loss:  0.08327384513481507 test_accuracy:  0.36333333333333334
epoch:  32 train_loss:  0.08244231230637043 train_accuracy:  0.37266666666666665 test_loss:  0.08250182511712709 test_accuracy:  0.3691111111111111
epoch:  33 train_loss:  0.08189116879098227 train_accuracy:  0.38177777777777777 test_loss:  0.08195106254275625 test_accuracy:  0.3768888888888889
epoch:  34 train_loss:  0.08145153579008567 train_accuracy:  0.3904444444444444 test_loss:  0.08150285825825114 test_accuracy:  0.388
epoch:  35 train_loss:  0.08095495916612616 train_accuracy:  0.3982222222222222 test_loss:  0.08100028534916241 test_accuracy:  0.39666666666666667
epoch:  36 train_loss:  0.08069327002474685 train_accuracy:  0.4073333333333333 test_loss:  0.08073783746555459 test_accuracy:  0.4053333333333333
epoch:  37 train_loss:  0.08035358701933791 train_accuracy:  0.4171111111111111 test_loss:  0.08039916868393907 test_accuracy:  0.4128888888888889
epoch:  38 train_loss:  0.07997469983207968 train_accuracy:  0.43022222222222223 test_loss:  0.08000737021635902 test_accuracy:  0.42977777777777776
epoch:  39 train_loss:  0.07970473636376825 train_accuracy:  0.44266666666666665 test_loss:  0.07974699754362131 test_accuracy:  0.44044444444444447
epoch:  40 train_loss:  0.07930620854825517 train_accuracy:  0.4444444444444444 test_loss:  0.0793319988648686 test_accuracy:  0.44177777777777777
epoch:  41 train_loss:  0.07907575063296908 train_accuracy:  0.4491111111111111 test_loss:  0.07912232335130938 test_accuracy:  0.4471111111111111
epoch:  42 train_loss:  0.07878354906313487 train_accuracy:  0.46644444444444444 test_loss:  0.07883062082805475 test_accuracy:  0.46266666666666667
epoch:  43 train_loss:  0.07839115036428441 train_accuracy:  0.4771111111111111 test_loss:  0.07843301752887423 test_accuracy:  0.47333333333333333
epoch:  44 train_loss:  0.07823504232377024 train_accuracy:  0.47688888888888886 test_loss:  0.07828095907828791 test_accuracy:  0.4726666666666667
epoch:  45 train_loss:  0.07774353159196136 train_accuracy:  0.5004444444444445 test_loss:  0.077778317214711 test_accuracy:  0.4991111111111111
epoch:  46 train_loss:  0.07753935869003059 train_accuracy:  0.49533333333333335 test_loss:  0.0775700743231122 test_accuracy:  0.49333333333333335
epoch:  47 train_loss:  0.07722676367818239 train_accuracy:  0.5064444444444445 test_loss:  0.07725931927824085 test_accuracy:  0.5028888888888889
epoch:  48 train_loss:  0.07706472599309641 train_accuracy:  0.5126666666666667 test_loss:  0.07711993241909493 test_accuracy:  0.5071111111111111
epoch:  49 train_loss:  0.07646285720102598 train_accuracy:  0.5248888888888888 test_loss:  0.0764970360580356 test_accuracy:  0.5231111111111111
epoch:  50 train_loss:  0.07630085939883742 train_accuracy:  0.5304444444444445 test_loss:  0.07633363079238253 test_accuracy:  0.5266666666666666
epoch:  51 train_loss:  0.07627234046727316 train_accuracy:  0.5302222222222223 test_loss:  0.0762560804879194 test_accuracy:  0.5295555555555556
epoch:  52 train_loss:  0.0761582162336714 train_accuracy:  0.5322222222222223 test_loss:  0.07614103683983448 test_accuracy:  0.5328888888888889
epoch:  53 train_loss:  0.07591855318299508 train_accuracy:  0.5384444444444444 test_loss:  0.07590328953325945 test_accuracy:  0.5391111111111111
epoch:  54 train_loss:  0.07575493352576797 train_accuracy:  0.5382222222222223 test_loss:  0.07574337651246887 test_accuracy:  0.5388888888888889
epoch:  55 train_loss:  0.07564260384023712 train_accuracy:  0.5397777777777778 test_loss:  0.07562984047008262 test_accuracy:  0.5411111111111111
epoch:  56 train_loss:  0.07540274497870059 train_accuracy:  0.5453333333333333 test_loss:  0.075390137467473 test_accuracy:  0.5466666666666666
epoch:  57 train_loss:  0.07529570140168208 train_accuracy:  0.5517777777777778 test_loss:  0.07528060393333552 test_accuracy:  0.5508888888888889
epoch:  58 train_loss:  0.07516917802804103 train_accuracy:  0.5551111111111111 test_loss:  0.0751569900416457 test_accuracy:  0.5546666666666666
epoch:  59 train_loss:  0.07504232430800231 train_accuracy:  0.5524444444444444 test_loss:  0.07502805324074079 test_accuracy:  0.5542222222222222
epoch:  60 train_loss:  0.07484417059089546 train_accuracy:  0.556 test_loss:  0.07483304653515052 test_accuracy:  0.5553333333333333
epoch:  61 train_loss:  0.07465967353901728 train_accuracy:  0.5595555555555556 test_loss:  0.0746443870710531 test_accuracy:  0.5595555555555556
epoch:  62 train_loss:  0.07443618884238293 train_accuracy:  0.5617777777777778 test_loss:  0.0744237508788767 test_accuracy:  0.5617777777777778
epoch:  63 train_loss:  0.07431092544222456 train_accuracy:  0.5644444444444444 test_loss:  0.07429306105512672 test_accuracy:  0.5633333333333334
epoch:  64 train_loss:  0.07423982912490545 train_accuracy:  0.5675555555555556 test_loss:  0.07422118782052263 test_accuracy:  0.5684444444444444
epoch:  65 train_loss:  0.0740528279884516 train_accuracy:  0.5702222222222222 test_loss:  0.07403130905363359 test_accuracy:  0.5691111111111111
epoch:  66 train_loss:  0.07389851644174399 train_accuracy:  0.572 test_loss:  0.07388350408131532 test_accuracy:  0.5702222222222222
epoch:  67 train_loss:  0.0738120218146076 train_accuracy:  0.5768888888888889 test_loss:  0.07379037942351947 test_accuracy:  0.5766666666666667
epoch:  68 train_loss:  0.0735744794516906 train_accuracy:  0.5793333333333334 test_loss:  0.07355106077105748 test_accuracy:  0.5788888888888889
epoch:  69 train_loss:  0.07343838182901666 train_accuracy:  0.5833333333333334 test_loss:  0.07342030889868542 test_accuracy:  0.5826666666666667
epoch:  70 train_loss:  0.07332907866708128 train_accuracy:  0.5871111111111111 test_loss:  0.07330367924432842 test_accuracy:  0.5853333333333334
epoch:  71 train_loss:  0.07316200846337173 train_accuracy:  0.5837777777777777 test_loss:  0.07314446853628082 test_accuracy:  0.582
epoch:  72 train_loss:  0.07303661099815757 train_accuracy:  0.5913333333333334 test_loss:  0.07301168932389775 test_accuracy:  0.5902222222222222
epoch:  73 train_loss:  0.07284454988069795 train_accuracy:  0.5913333333333334 test_loss:  0.07281903581526897 test_accuracy:  0.5902222222222222
epoch:  74 train_loss:  0.07268716780185609 train_accuracy:  0.5926666666666667 test_loss:  0.07265903715922728 test_accuracy:  0.5915555555555555
epoch:  75 train_loss:  0.07263895255046449 train_accuracy:  0.5957777777777777 test_loss:  0.07261960350284752 test_accuracy:  0.5955555555555555
epoch:  76 train_loss:  0.072399028743326 train_accuracy:  0.5993333333333334 test_loss:  0.07237594109147891 test_accuracy:  0.5977777777777777
epoch:  77 train_loss:  0.07222431646540875 train_accuracy:  0.5993333333333334 test_loss:  0.07220367894189678 test_accuracy:  0.5988888888888889
epoch:  78 train_loss:  0.07215950167818941 train_accuracy:  0.6035555555555555 test_loss:  0.07214491678735911 test_accuracy:  0.6024444444444444
epoch:  79 train_loss:  0.07198413058380208 train_accuracy:  0.6035555555555555 test_loss:  0.07195646188682246 test_accuracy:  0.6017777777777777
epoch:  80 train_loss:  0.07188873511965203 train_accuracy:  0.6008888888888889 test_loss:  0.07187557400777153 test_accuracy:  0.6015555555555555
epoch:  81 train_loss:  0.07166086940623659 train_accuracy:  0.6026666666666667 test_loss:  0.07164014913846559 test_accuracy:  0.602
epoch:  82 train_loss:  0.0715573344867679 train_accuracy:  0.6086666666666667 test_loss:  0.07153339090102868 test_accuracy:  0.6077777777777778
epoch:  83 train_loss:  0.07147241785336124 train_accuracy:  0.6082222222222222 test_loss:  0.07144891579325761 test_accuracy:  0.6073333333333333
epoch:  84 train_loss:  0.0712593247066785 train_accuracy:  0.6093333333333333 test_loss:  0.07124713980734415 test_accuracy:  0.6077777777777778
epoch:  85 train_loss:  0.07100026326368858 train_accuracy:  0.6111111111111112 test_loss:  0.07098095686999159 test_accuracy:  0.6104444444444445
epoch:  86 train_loss:  0.07082251805712828 train_accuracy:  0.6135555555555555 test_loss:  0.0708008828812023 test_accuracy:  0.612
epoch:  87 train_loss:  0.07101521280646632 train_accuracy:  0.6157777777777778 test_loss:  0.07099888476184613 test_accuracy:  0.6166666666666667
epoch:  88 train_loss:  0.07067024597768683 train_accuracy:  0.614 test_loss:  0.07064887177863766 test_accuracy:  0.6126666666666667
epoch:  89 train_loss:  0.07053886636583438 train_accuracy:  0.6144444444444445 test_loss:  0.07051578871566781 test_accuracy:  0.6137777777777778
epoch:  90 train_loss:  0.0703884044966205 train_accuracy:  0.6146666666666667 test_loss:  0.07035380793193875 test_accuracy:  0.6111111111111112
epoch:  91 train_loss:  0.0703271918888576 train_accuracy:  0.6251111111111111 test_loss:  0.0703067221719416 test_accuracy:  0.626
epoch:  92 train_loss:  0.07012604051111178 train_accuracy:  0.6213333333333333 test_loss:  0.07009490489680921 test_accuracy:  0.62
epoch:  93 train_loss:  0.07006797680275619 train_accuracy:  0.6244444444444445 test_loss:  0.07003820925777703 test_accuracy:  0.6255555555555555
epoch:  94 train_loss:  0.0700911565514287 train_accuracy:  0.6251111111111111 test_loss:  0.07006535527252226 test_accuracy:  0.626
epoch:  95 train_loss:  0.06982216788552376 train_accuracy:  0.622 test_loss:  0.06979221424977367 test_accuracy:  0.6206666666666667
epoch:  96 train_loss:  0.06944797860447884 train_accuracy:  0.62 test_loss:  0.06942680684321728 test_accuracy:  0.6177777777777778
epoch:  97 train_loss:  0.06934305785988687 train_accuracy:  0.6257777777777778 test_loss:  0.06932605918825573 test_accuracy:  0.6237777777777778
epoch:  98 train_loss:  0.06932687221708307 train_accuracy:  0.6317777777777778 test_loss:  0.0693078742691403 test_accuracy:  0.6311111111111111
epoch:  99 train_loss:  0.06922180300506761 train_accuracy:  0.6288888888888889 test_loss:  0.06919156152205444 test_accuracy:  0.6268888888888889
epoch:  100 train_loss:  0.06915605427334609 train_accuracy:  0.6331111111111111 test_loss:  0.0691330932098488 test_accuracy:  0.6317777777777778
epoch:  101 train_loss:  0.06895664175609324 train_accuracy:  0.6242222222222222 test_loss:  0.06885808847446932 test_accuracy:  0.6253333333333333
epoch:  102 train_loss:  0.06876524961246713 train_accuracy:  0.6313333333333333 test_loss:  0.06865505878834412 test_accuracy:  0.6326666666666667
epoch:  103 train_loss:  0.06878227579053305 train_accuracy:  0.6375555555555555 test_loss:  0.06867082660063976 test_accuracy:  0.6388888888888888
epoch:  104 train_loss:  0.0686569990809364 train_accuracy:  0.636 test_loss:  0.06853057195244289 test_accuracy:  0.6366666666666667
epoch:  105 train_loss:  0.06840963953858321 train_accuracy:  0.6335555555555555 test_loss:  0.06829962569091227 test_accuracy:  0.6346666666666667
epoch:  106 train_loss:  0.06816691444429787 train_accuracy:  0.6393333333333333 test_loss:  0.06806921825894376 test_accuracy:  0.6395555555555555
epoch:  107 train_loss:  0.06815059161341654 train_accuracy:  0.6355555555555555 test_loss:  0.06802716378874311 test_accuracy:  0.638
epoch:  108 train_loss:  0.06803275527834676 train_accuracy:  0.6377777777777778 test_loss:  0.0679325405627701 test_accuracy:  0.6404444444444445
epoch:  109 train_loss:  0.06778659890272136 train_accuracy:  0.6393333333333333 test_loss:  0.06769391660011984 test_accuracy:  0.6391111111111111
epoch:  110 train_loss:  0.06779887205401641 train_accuracy:  0.6448888888888888 test_loss:  0.06766951275018193 test_accuracy:  0.6455555555555555
epoch:  111 train_loss:  0.06751998218384218 train_accuracy:  0.6368888888888888 test_loss:  0.06741407317318784 test_accuracy:  0.6391111111111111
epoch:  112 train_loss:  0.0674375110838539 train_accuracy:  0.6415555555555555 test_loss:  0.0673184409373454 test_accuracy:  0.6417777777777778
epoch:  113 train_loss:  0.06740261664834718 train_accuracy:  0.6417777777777778 test_loss:  0.06729583520734242 test_accuracy:  0.6433333333333333
epoch:  114 train_loss:  0.06708944563470998 train_accuracy:  0.6448888888888888 test_loss:  0.06696445732423995 test_accuracy:  0.6464444444444445
epoch:  115 train_loss:  0.06702083382324475 train_accuracy:  0.6491111111111111 test_loss:  0.06691002245287454 test_accuracy:  0.6504444444444445
epoch:  116 train_loss:  0.06694778705072231 train_accuracy:  0.646 test_loss:  0.06683484210331668 test_accuracy:  0.6468888888888888
epoch:  117 train_loss:  0.06672772499530401 train_accuracy:  0.6435555555555555 test_loss:  0.06663327733141801 test_accuracy:  0.6433333333333333
epoch:  118 train_loss:  0.06684012113339675 train_accuracy:  0.6497777777777778 test_loss:  0.06672045560943685 test_accuracy:  0.6513333333333333
epoch:  119 train_loss:  0.06667496090123773 train_accuracy:  0.6528888888888889 test_loss:  0.06653668527843368 test_accuracy:  0.6531111111111111
epoch:  120 train_loss:  0.0664733074500862 train_accuracy:  0.6484444444444445 test_loss:  0.06637105181406965 test_accuracy:  0.6502222222222223
epoch:  121 train_loss:  0.06619973541161198 train_accuracy:  0.6453333333333333 test_loss:  0.06610035433434172 test_accuracy:  0.6462222222222223
epoch:  122 train_loss:  0.06604211214868032 train_accuracy:  0.6488888888888888 test_loss:  0.06595186827774495 test_accuracy:  0.6486666666666666
epoch:  123 train_loss:  0.06592169208899258 train_accuracy:  0.6511111111111111 test_loss:  0.06581995728683027 test_accuracy:  0.6522222222222223
epoch:  124 train_loss:  0.06586622767463216 train_accuracy:  0.6484444444444445 test_loss:  0.06576708199474286 test_accuracy:  0.6482222222222223
epoch:  125 train_loss:  0.0656380631909733 train_accuracy:  0.6517777777777778 test_loss:  0.06554677964384542 test_accuracy:  0.6515555555555556
epoch:  126 train_loss:  0.06560481316961302 train_accuracy:  0.656 test_loss:  0.06548839759964134 test_accuracy:  0.6551111111111111
epoch:  127 train_loss:  0.06547446590358645 train_accuracy:  0.6522222222222223 test_loss:  0.06538420889664727 test_accuracy:  0.6551111111111111
epoch:  128 train_loss:  0.06545503317206167 train_accuracy:  0.6597777777777778 test_loss:  0.06537637262913243 test_accuracy:  0.6606666666666666
epoch:  129 train_loss:  0.06512149106078596 train_accuracy:  0.6424444444444445 test_loss:  0.06499799550756762 test_accuracy:  0.6433333333333333
epoch:  130 train_loss:  0.0650018358620423 train_accuracy:  0.656 test_loss:  0.06488239566670642 test_accuracy:  0.6562222222222223
epoch:  131 train_loss:  0.06477257263814247 train_accuracy:  0.6582222222222223 test_loss:  0.06467371656483402 test_accuracy:  0.6573333333333333
epoch:  132 train_loss:  0.06475894143900482 train_accuracy:  0.6542222222222223 test_loss:  0.0646782302892261 test_accuracy:  0.6553333333333333
epoch:  133 train_loss:  0.06469474659591819 train_accuracy:  0.6633333333333333 test_loss:  0.06461647677498528 test_accuracy:  0.6628888888888889
epoch:  134 train_loss:  0.06470015482654051 train_accuracy:  0.6606666666666666 test_loss:  0.06457653737515888 test_accuracy:  0.6613333333333333
epoch:  135 train_loss:  0.06450029586763699 train_accuracy:  0.6586666666666666 test_loss:  0.06441275062164148 test_accuracy:  0.6615555555555556
epoch:  136 train_loss:  0.06421211793971823 train_accuracy:  0.6613333333333333 test_loss:  0.06411317978586853 test_accuracy:  0.6611111111111111
epoch:  137 train_loss:  0.06419202239508175 train_accuracy:  0.664 test_loss:  0.06409771587207104 test_accuracy:  0.6646666666666666
epoch:  138 train_loss:  0.06412499779923238 train_accuracy:  0.67 test_loss:  0.06402854293548409 test_accuracy:  0.6708888888888889
epoch:  139 train_loss:  0.06391465981519477 train_accuracy:  0.6711111111111111 test_loss:  0.0638267136809594 test_accuracy:  0.6704444444444444
epoch:  140 train_loss:  0.06397889008882185 train_accuracy:  0.652 test_loss:  0.06387637505493575 test_accuracy:  0.6537777777777778
epoch:  141 train_loss:  0.06371781882767084 train_accuracy:  0.664 test_loss:  0.06363611901188088 test_accuracy:  0.6655555555555556
epoch:  142 train_loss:  0.06377110204191766 train_accuracy:  0.6595555555555556 test_loss:  0.06367596237445343 test_accuracy:  0.6611111111111111
epoch:  143 train_loss:  0.06352852491644109 train_accuracy:  0.6664444444444444 test_loss:  0.06342156809205389 test_accuracy:  0.6673333333333333
epoch:  144 train_loss:  0.06331746292247946 train_accuracy:  0.6651111111111111 test_loss:  0.06322288684441092 test_accuracy:  0.6662222222222223
epoch:  145 train_loss:  0.0632006369987064 train_accuracy:  0.6642222222222223 test_loss:  0.06311220620122608 test_accuracy:  0.6662222222222223
epoch:  146 train_loss:  0.06328929096441831 train_accuracy:  0.658 test_loss:  0.06322332036206389 test_accuracy:  0.6588888888888889
epoch:  147 train_loss:  0.06297269996757128 train_accuracy:  0.6666666666666666 test_loss:  0.06290482660268963 test_accuracy:  0.6671111111111111
epoch:  148 train_loss:  0.06285819175923066 train_accuracy:  0.6684444444444444 test_loss:  0.0627588621201521 test_accuracy:  0.6702222222222223
epoch:  149 train_loss:  0.06268810300505862 train_accuracy:  0.6724444444444444 test_loss:  0.06256304025249024 test_accuracy:  0.6731111111111111
epoch:  150 train_loss:  0.0625750510884891 train_accuracy:  0.6704444444444444 test_loss:  0.06250793789583861 test_accuracy:  0.67
epoch:  151 train_loss:  0.06259347403121121 train_accuracy:  0.6795555555555556 test_loss:  0.06250445634331261 test_accuracy:  0.6791111111111111
epoch:  152 train_loss:  0.062353417628316504 train_accuracy:  0.6724444444444444 test_loss:  0.06229613001175359 test_accuracy:  0.6731111111111111
epoch:  153 train_loss:  0.06243494420655212 train_accuracy:  0.678 test_loss:  0.06229387141280382 test_accuracy:  0.6806666666666666
epoch:  154 train_loss:  0.062089229814257955 train_accuracy:  0.674 test_loss:  0.06201394312779306 test_accuracy:  0.6737777777777778
epoch:  155 train_loss:  0.06199567285830223 train_accuracy:  0.6722222222222223 test_loss:  0.06192716361334426 test_accuracy:  0.6731111111111111
epoch:  156 train_loss:  0.061873467263819606 train_accuracy:  0.6775555555555556 test_loss:  0.06177525593709052 test_accuracy:  0.678
epoch:  157 train_loss:  0.06183661503310297 train_accuracy:  0.6742222222222222 test_loss:  0.06173415787662316 test_accuracy:  0.6755555555555556
epoch:  158 train_loss:  0.06173265909350723 train_accuracy:  0.6777777777777778 test_loss:  0.06164700054519244 test_accuracy:  0.6777777777777778
epoch:  159 train_loss:  0.06157614085633607 train_accuracy:  0.6755555555555556 test_loss:  0.06152647353680292 test_accuracy:  0.6768888888888889
epoch:  160 train_loss:  0.061515351712763476 train_accuracy:  0.6762222222222222 test_loss:  0.06142390996551981 test_accuracy:  0.6764444444444444
epoch:  161 train_loss:  0.06145539523910485 train_accuracy:  0.6775555555555556 test_loss:  0.06135777155475162 test_accuracy:  0.6782222222222222
epoch:  162 train_loss:  0.061315669375363424 train_accuracy:  0.6755555555555556 test_loss:  0.061213551183075775 test_accuracy:  0.6755555555555556
epoch:  163 train_loss:  0.0613495081363163 train_accuracy:  0.668 test_loss:  0.06129288103494039 test_accuracy:  0.6682222222222223
epoch:  164 train_loss:  0.06105786151592692 train_accuracy:  0.6706666666666666 test_loss:  0.06098003461725843 test_accuracy:  0.6706666666666666
epoch:  165 train_loss:  0.06126945370106993 train_accuracy:  0.688 test_loss:  0.0611238635517974 test_accuracy:  0.6873333333333334
epoch:  166 train_loss:  0.06106777578538496 train_accuracy:  0.6824444444444444 test_loss:  0.06094725641161143 test_accuracy:  0.6828888888888889
epoch:  167 train_loss:  0.06056379648863572 train_accuracy:  0.6884444444444444 test_loss:  0.060469329187478035 test_accuracy:  0.6886666666666666
epoch:  168 train_loss:  0.06048720788812875 train_accuracy:  0.6862222222222222 test_loss:  0.060395945477086745 test_accuracy:  0.686
epoch:  169 train_loss:  0.060830629520540934 train_accuracy:  0.6886666666666666 test_loss:  0.060701210033409565 test_accuracy:  0.6886666666666666
epoch:  170 train_loss:  0.06022574167173948 train_accuracy:  0.684 test_loss:  0.06014657992452638 test_accuracy:  0.6866666666666666
epoch:  171 train_loss:  0.059991768869588936 train_accuracy:  0.6853333333333333 test_loss:  0.059917235677695226 test_accuracy:  0.686
epoch:  172 train_loss:  0.060146540952615825 train_accuracy:  0.6884444444444444 test_loss:  0.06007007417332368 test_accuracy:  0.6897777777777778
epoch:  173 train_loss:  0.060066694868865546 train_accuracy:  0.6844444444444444 test_loss:  0.05997314563875914 test_accuracy:  0.6853333333333333
epoch:  174 train_loss:  0.05992886126470404 train_accuracy:  0.6911111111111111 test_loss:  0.05986153521546339 test_accuracy:  0.6911111111111111
epoch:  175 train_loss:  0.059845955336258735 train_accuracy:  0.6862222222222222 test_loss:  0.05978234032457174 test_accuracy:  0.6851111111111111
epoch:  176 train_loss:  0.059628124480401855 train_accuracy:  0.6988888888888889 test_loss:  0.05949081032324472 test_accuracy:  0.6986666666666667
epoch:  177 train_loss:  0.05973611188469981 train_accuracy:  0.6915555555555556 test_loss:  0.059649881082778175 test_accuracy:  0.6911111111111111
epoch:  178 train_loss:  0.059261109592490153 train_accuracy:  0.6931111111111111 test_loss:  0.059190624872042526 test_accuracy:  0.694
epoch:  179 train_loss:  0.059340160854150566 train_accuracy:  0.6882222222222222 test_loss:  0.059263663371707215 test_accuracy:  0.688
epoch:  180 train_loss:  0.059573262246967525 train_accuracy:  0.6904444444444444 test_loss:  0.05947346220012747 test_accuracy:  0.6913333333333334
epoch:  181 train_loss:  0.05916319163366076 train_accuracy:  0.6757777777777778 test_loss:  0.05910585534011255 test_accuracy:  0.6773333333333333
epoch:  182 train_loss:  0.058978146436046965 train_accuracy:  0.686 test_loss:  0.058922765721524696 test_accuracy:  0.6884444444444444
epoch:  183 train_loss:  0.05870770204819272 train_accuracy:  0.6886666666666666 test_loss:  0.05864715196171893 test_accuracy:  0.6911111111111111
epoch:  184 train_loss:  0.05878118284916001 train_accuracy:  0.6946666666666667 test_loss:  0.05872035818890097 test_accuracy:  0.6955555555555556
epoch:  185 train_loss:  0.05870416752949327 train_accuracy:  0.692 test_loss:  0.05867102900298951 test_accuracy:  0.6928888888888889
epoch:  186 train_loss:  0.058717265979171214 train_accuracy:  0.6966666666666667 test_loss:  0.05861111402021474 test_accuracy:  0.6962222222222222
epoch:  187 train_loss:  0.058605298573492344 train_accuracy:  0.702 test_loss:  0.058511719920655576 test_accuracy:  0.7006666666666667
epoch:  188 train_loss:  0.05837083669120678 train_accuracy:  0.7 test_loss:  0.05828637299579858 test_accuracy:  0.6995555555555556
epoch:  189 train_loss:  0.05857204414062033 train_accuracy:  0.6924444444444444 test_loss:  0.058500887192280866 test_accuracy:  0.6937777777777778
epoch:  190 train_loss:  0.05821653148696463 train_accuracy:  0.6893333333333334 test_loss:  0.05817310845669642 test_accuracy:  0.6906666666666667
epoch:  191 train_loss:  0.05818853357761815 train_accuracy:  0.7055555555555556 test_loss:  0.05812410366698077 test_accuracy:  0.7037777777777777
epoch:  192 train_loss:  0.05799202507952517 train_accuracy:  0.694 test_loss:  0.05791712946137347 test_accuracy:  0.6964444444444444
epoch:  193 train_loss:  0.058269205202643407 train_accuracy:  0.6944444444444444 test_loss:  0.05816472896961729 test_accuracy:  0.6944444444444444
epoch:  194 train_loss:  0.05796237831235377 train_accuracy:  0.692 test_loss:  0.057868269595921444 test_accuracy:  0.694
epoch:  195 train_loss:  0.057822789813479894 train_accuracy:  0.6951111111111111 test_loss:  0.05774405796329961 test_accuracy:  0.6937777777777778
epoch:  196 train_loss:  0.057818805011442855 train_accuracy:  0.6955555555555556 test_loss:  0.057769524930110304 test_accuracy:  0.6951111111111111
epoch:  197 train_loss:  0.05759289173214208 train_accuracy:  0.7064444444444444 test_loss:  0.05750145925337967 test_accuracy:  0.7073333333333334
epoch:  198 train_loss:  0.05748455221016761 train_accuracy:  0.6926666666666667 test_loss:  0.05742075883555903 test_accuracy:  0.6942222222222222
epoch:  199 train_loss:  0.05750553428848504 train_accuracy:  0.7126666666666667 test_loss:  0.05742837877682272 test_accuracy:  0.7102222222222222
epoch:  200 train_loss:  0.0574962015155968 train_accuracy:  0.6893333333333334 test_loss:  0.057404812483530465 test_accuracy:  0.6902222222222222
epoch:  201 train_loss:  0.057246765825520914 train_accuracy:  0.6966666666666667 test_loss:  0.057434664085832664 test_accuracy:  0.6917777777777778
epoch:  202 train_loss:  0.05717736786178999 train_accuracy:  0.6988888888888889 test_loss:  0.05737012340766224 test_accuracy:  0.6944444444444444
epoch:  203 train_loss:  0.0571227541493779 train_accuracy:  0.7015555555555556 test_loss:  0.05731954034605757 test_accuracy:  0.6971111111111111
epoch:  204 train_loss:  0.05707547815272264 train_accuracy:  0.7024444444444444 test_loss:  0.05727656023915318 test_accuracy:  0.6973333333333334
epoch:  205 train_loss:  0.05703754838231464 train_accuracy:  0.704 test_loss:  0.0572411949029338 test_accuracy:  0.6993333333333334
epoch:  206 train_loss:  0.05700133745911608 train_accuracy:  0.7053333333333334 test_loss:  0.05720918878138252 test_accuracy:  0.7004444444444444
epoch:  207 train_loss:  0.05697961886480362 train_accuracy:  0.7055555555555556 test_loss:  0.05718990125590559 test_accuracy:  0.7008888888888889
epoch:  208 train_loss:  0.05695665889567696 train_accuracy:  0.7035555555555556 test_loss:  0.05716922724840779 test_accuracy:  0.6986666666666667
epoch:  209 train_loss:  0.05693238254113288 train_accuracy:  0.7042222222222222 test_loss:  0.05714769670567509 test_accuracy:  0.6991111111111111
epoch:  210 train_loss:  0.05691717257414597 train_accuracy:  0.7051111111111111 test_loss:  0.05713407300019844 test_accuracy:  0.6997777777777778
epoch:  211 train_loss:  0.05690726911361431 train_accuracy:  0.7051111111111111 test_loss:  0.057126336645893644 test_accuracy:  0.7004444444444444
epoch:  212 train_loss:  0.05689721068460507 train_accuracy:  0.7051111111111111 test_loss:  0.057118769763515945 test_accuracy:  0.7002222222222222
epoch:  213 train_loss:  0.056883814134755774 train_accuracy:  0.7051111111111111 test_loss:  0.05710615070451225 test_accuracy:  0.7002222222222222
epoch:  214 train_loss:  0.05687699872426509 train_accuracy:  0.7062222222222222 test_loss:  0.05710098537219038 test_accuracy:  0.7017777777777777
epoch:  215 train_loss:  0.05687280823953941 train_accuracy:  0.7066666666666667 test_loss:  0.05709766118193256 test_accuracy:  0.702
epoch:  216 train_loss:  0.05686808511391161 train_accuracy:  0.706 test_loss:  0.05709387309128159 test_accuracy:  0.7013333333333334
epoch:  217 train_loss:  0.05686208930958129 train_accuracy:  0.7066666666666667 test_loss:  0.0570893145966221 test_accuracy:  0.702
epoch:  218 train_loss:  0.05685812835118963 train_accuracy:  0.7062222222222222 test_loss:  0.05708517971221036 test_accuracy:  0.7017777777777777
epoch:  219 train_loss:  0.05685600665343117 train_accuracy:  0.7066666666666667 test_loss:  0.057083929562346244 test_accuracy:  0.702
epoch:  220 train_loss:  0.056855937194257467 train_accuracy:  0.706 test_loss:  0.057084490521096265 test_accuracy:  0.702
epoch:  221 train_loss:  0.05685473101258494 train_accuracy:  0.7064444444444444 test_loss:  0.05708347172207766 test_accuracy:  0.7022222222222222
epoch:  222 train_loss:  0.05685344285938096 train_accuracy:  0.7064444444444444 test_loss:  0.057083372199294366 test_accuracy:  0.7022222222222222
epoch:  223 train_loss:  0.056850887393270017 train_accuracy:  0.7075555555555556 test_loss:  0.05708135651028749 test_accuracy:  0.7035555555555556
epoch:  224 train_loss:  0.056850836567387576 train_accuracy:  0.7068888888888889 test_loss:  0.0570822197291877 test_accuracy:  0.7028888888888889
epoch:  225 train_loss:  0.05685029360344142 train_accuracy:  0.7057777777777777 test_loss:  0.05708172044439355 test_accuracy:  0.7015555555555556
epoch:  226 train_loss:  0.056849694493758755 train_accuracy:  0.706 test_loss:  0.057081732274911375 test_accuracy:  0.7017777777777777
epoch:  227 train_loss:  0.05684759348020804 train_accuracy:  0.7064444444444444 test_loss:  0.057079508359870586 test_accuracy:  0.7022222222222222
epoch:  228 train_loss:  0.056841567182746765 train_accuracy:  0.7068888888888889 test_loss:  0.05707538418726361 test_accuracy:  0.7026666666666667
epoch:  229 train_loss:  0.056836481934532945 train_accuracy:  0.708 test_loss:  0.05707055583180991 test_accuracy:  0.7037777777777777
epoch:  230 train_loss:  0.05683284721956901 train_accuracy:  0.708 test_loss:  0.05706770911435232 test_accuracy:  0.7035555555555556
epoch:  231 train_loss:  0.056828232009700476 train_accuracy:  0.7073333333333334 test_loss:  0.057063243969769764 test_accuracy:  0.7031111111111111
epoch:  232 train_loss:  0.056826224505037444 train_accuracy:  0.7082222222222222 test_loss:  0.05706099710599919 test_accuracy:  0.704
epoch:  233 train_loss:  0.056825511528151275 train_accuracy:  0.7082222222222222 test_loss:  0.057060396057792735 test_accuracy:  0.704
epoch:  234 train_loss:  0.056824979298046356 train_accuracy:  0.7073333333333334 test_loss:  0.05706007751002268 test_accuracy:  0.7031111111111111
epoch:  235 train_loss:  0.05682552357248404 train_accuracy:  0.7075555555555556 test_loss:  0.057060990387901106 test_accuracy:  0.7033333333333334
epoch:  236 train_loss:  0.05682564968851355 train_accuracy:  0.7073333333333334 test_loss:  0.05706187205358238 test_accuracy:  0.7028888888888889
epoch:  237 train_loss:  0.05681806858541699 train_accuracy:  0.7073333333333334 test_loss:  0.05705558775427954 test_accuracy:  0.7028888888888889
epoch:  238 train_loss:  0.05682048317623192 train_accuracy:  0.7075555555555556 test_loss:  0.05705829460744823 test_accuracy:  0.7031111111111111
epoch:  239 train_loss:  0.056816572379490726 train_accuracy:  0.7068888888888889 test_loss:  0.05705423701473183 test_accuracy:  0.7024444444444444
epoch:  240 train_loss:  0.056816974273401495 train_accuracy:  0.7071111111111111 test_loss:  0.05705483883127146 test_accuracy:  0.7026666666666667
epoch:  241 train_loss:  0.056816850216357635 train_accuracy:  0.7068888888888889 test_loss:  0.05705484094607281 test_accuracy:  0.7024444444444444
epoch:  242 train_loss:  0.05681688364452141 train_accuracy:  0.7075555555555556 test_loss:  0.05705442145756231 test_accuracy:  0.7031111111111111
epoch:  243 train_loss:  0.05681548603394348 train_accuracy:  0.7073333333333334 test_loss:  0.05705301905433426 test_accuracy:  0.7028888888888889
epoch:  244 train_loss:  0.05681353347967888 train_accuracy:  0.7068888888888889 test_loss:  0.0570510799001051 test_accuracy:  0.7024444444444444
epoch:  245 train_loss:  0.056813910220927986 train_accuracy:  0.7077777777777777 test_loss:  0.05705136899351355 test_accuracy:  0.7033333333333334
epoch:  246 train_loss:  0.056812871977071355 train_accuracy:  0.708 test_loss:  0.05705155446418086 test_accuracy:  0.7035555555555556
epoch:  247 train_loss:  0.05681054432056485 train_accuracy:  0.7075555555555556 test_loss:  0.0570490813483655 test_accuracy:  0.7031111111111111
epoch:  248 train_loss:  0.0568072363740532 train_accuracy:  0.7082222222222222 test_loss:  0.05704586284165306 test_accuracy:  0.7037777777777777
epoch:  249 train_loss:  0.056806908847248316 train_accuracy:  0.7088888888888889 test_loss:  0.057045382169174784 test_accuracy:  0.7044444444444444
epoch:  250 train_loss:  0.056802917416460146 train_accuracy:  0.7084444444444444 test_loss:  0.057041348197407436 test_accuracy:  0.7037777777777777
epoch:  251 train_loss:  0.05685623326983386 train_accuracy:  0.7068888888888889 test_loss:  0.05694869080524908 test_accuracy:  0.7037777777777777
epoch:  252 train_loss:  0.05685557944071501 train_accuracy:  0.7077777777777777 test_loss:  0.05694868876236085 test_accuracy:  0.7044444444444444
epoch:  253 train_loss:  0.056855823441501335 train_accuracy:  0.7075555555555556 test_loss:  0.05694992591491785 test_accuracy:  0.704
epoch:  254 train_loss:  0.05685525024526099 train_accuracy:  0.7071111111111111 test_loss:  0.056949916373950527 test_accuracy:  0.7035555555555556
epoch:  255 train_loss:  0.056854742183085887 train_accuracy:  0.7071111111111111 test_loss:  0.05695027721565155 test_accuracy:  0.7037777777777777
epoch:  256 train_loss:  0.056853155405567256 train_accuracy:  0.7073333333333334 test_loss:  0.056949327211754316 test_accuracy:  0.704
epoch:  257 train_loss:  0.05685177281279615 train_accuracy:  0.7068888888888889 test_loss:  0.056947962151323965 test_accuracy:  0.7033333333333334
epoch:  258 train_loss:  0.05685291778702375 train_accuracy:  0.7071111111111111 test_loss:  0.056949603310479956 test_accuracy:  0.7035555555555556
epoch:  259 train_loss:  0.056852147462906705 train_accuracy:  0.7066666666666667 test_loss:  0.05694928211566543 test_accuracy:  0.7031111111111111
epoch:  260 train_loss:  0.056851008525253675 train_accuracy:  0.7068888888888889 test_loss:  0.0569485239864136 test_accuracy:  0.7031111111111111
epoch:  261 train_loss:  0.056847011609646114 train_accuracy:  0.7075555555555556 test_loss:  0.056944728862551336 test_accuracy:  0.7035555555555556
epoch:  262 train_loss:  0.056846093729082885 train_accuracy:  0.7071111111111111 test_loss:  0.05694425990192953 test_accuracy:  0.7031111111111111
epoch:  263 train_loss:  0.05684602473051941 train_accuracy:  0.7068888888888889 test_loss:  0.056944811272829875 test_accuracy:  0.7028888888888889
epoch:  264 train_loss:  0.056845320706151926 train_accuracy:  0.7068888888888889 test_loss:  0.05694430403044546 test_accuracy:  0.7028888888888889
epoch:  265 train_loss:  0.05684185743580039 train_accuracy:  0.7068888888888889 test_loss:  0.056940880876607 test_accuracy:  0.7028888888888889
epoch:  266 train_loss:  0.05684285676932915 train_accuracy:  0.7073333333333334 test_loss:  0.05694229798978017 test_accuracy:  0.7033333333333334
epoch:  267 train_loss:  0.05684235707046477 train_accuracy:  0.7066666666666667 test_loss:  0.05694214035965678 test_accuracy:  0.7026666666666667
epoch:  268 train_loss:  0.056840836899833935 train_accuracy:  0.7066666666666667 test_loss:  0.056940800472050745 test_accuracy:  0.7026666666666667
epoch:  269 train_loss:  0.05683952063851303 train_accuracy:  0.7073333333333334 test_loss:  0.05693932251225145 test_accuracy:  0.7031111111111111
epoch:  270 train_loss:  0.056839404354279054 train_accuracy:  0.7068888888888889 test_loss:  0.05693948102683479 test_accuracy:  0.7026666666666667
epoch:  271 train_loss:  0.056838234871815344 train_accuracy:  0.7073333333333334 test_loss:  0.056938745850349796 test_accuracy:  0.7031111111111111
epoch:  272 train_loss:  0.0568353968866422 train_accuracy:  0.7062222222222222 test_loss:  0.05693590152479793 test_accuracy:  0.7022222222222222
epoch:  273 train_loss:  0.056833322199073166 train_accuracy:  0.706 test_loss:  0.05693420137107105 test_accuracy:  0.7017777777777777
epoch:  274 train_loss:  0.05682996524895286 train_accuracy:  0.7071111111111111 test_loss:  0.05693087667206748 test_accuracy:  0.7028888888888889
epoch:  275 train_loss:  0.056828381120254005 train_accuracy:  0.7066666666666667 test_loss:  0.05692943387606062 test_accuracy:  0.7026666666666667
epoch:  276 train_loss:  0.056827970134110894 train_accuracy:  0.7068888888888889 test_loss:  0.05692899728198178 test_accuracy:  0.7028888888888889
epoch:  277 train_loss:  0.0568271126628371 train_accuracy:  0.7064444444444444 test_loss:  0.05692864523093709 test_accuracy:  0.7022222222222222
epoch:  278 train_loss:  0.05682701198341476 train_accuracy:  0.706 test_loss:  0.05692817847481711 test_accuracy:  0.7017777777777777
epoch:  279 train_loss:  0.056825490596718306 train_accuracy:  0.7062222222222222 test_loss:  0.05692711743843481 test_accuracy:  0.702
epoch:  280 train_loss:  0.05682373724194056 train_accuracy:  0.706 test_loss:  0.056925520598127215 test_accuracy:  0.7017777777777777
epoch:  281 train_loss:  0.056822640283155514 train_accuracy:  0.706 test_loss:  0.05692456959874467 test_accuracy:  0.7017777777777777
epoch:  282 train_loss:  0.05682331571218204 train_accuracy:  0.7062222222222222 test_loss:  0.056925709008564314 test_accuracy:  0.702
epoch:  283 train_loss:  0.05682045273918536 train_accuracy:  0.7064444444444444 test_loss:  0.056922993566109505 test_accuracy:  0.7022222222222222
epoch:  284 train_loss:  0.0568191330035519 train_accuracy:  0.706 test_loss:  0.05692182527964678 test_accuracy:  0.7017777777777777
epoch:  285 train_loss:  0.05681877201589355 train_accuracy:  0.7062222222222222 test_loss:  0.05692145958491906 test_accuracy:  0.702
epoch:  286 train_loss:  0.056817269913621606 train_accuracy:  0.706 test_loss:  0.05692006186889356 test_accuracy:  0.702
epoch:  287 train_loss:  0.056818102881801336 train_accuracy:  0.7062222222222222 test_loss:  0.056920977501974626 test_accuracy:  0.7022222222222222
epoch:  288 train_loss:  0.05681555038421043 train_accuracy:  0.7064444444444444 test_loss:  0.056918510774254714 test_accuracy:  0.7022222222222222
epoch:  289 train_loss:  0.05681343010512523 train_accuracy:  0.7064444444444444 test_loss:  0.05691649490612538 test_accuracy:  0.7022222222222222
epoch:  290 train_loss:  0.056810026800491735 train_accuracy:  0.7064444444444444 test_loss:  0.05691294598305194 test_accuracy:  0.702
epoch:  291 train_loss:  0.05681004943574285 train_accuracy:  0.7066666666666667 test_loss:  0.05691312663848666 test_accuracy:  0.7022222222222222
epoch:  292 train_loss:  0.05681081622286326 train_accuracy:  0.7064444444444444 test_loss:  0.056914145130611105 test_accuracy:  0.702
epoch:  293 train_loss:  0.056808718423508965 train_accuracy:  0.7071111111111111 test_loss:  0.056912319546271836 test_accuracy:  0.7026666666666667
epoch:  294 train_loss:  0.056809410903391463 train_accuracy:  0.7071111111111111 test_loss:  0.05691329090080803 test_accuracy:  0.7026666666666667
epoch:  295 train_loss:  0.05680811009243667 train_accuracy:  0.7071111111111111 test_loss:  0.056912139547770975 test_accuracy:  0.7026666666666667
epoch:  296 train_loss:  0.05680671176921599 train_accuracy:  0.7066666666666667 test_loss:  0.05691048434314792 test_accuracy:  0.7022222222222222
epoch:  297 train_loss:  0.05680529356545543 train_accuracy:  0.7068888888888889 test_loss:  0.05690888690018422 test_accuracy:  0.7024444444444444
epoch:  298 train_loss:  0.0568051199442228 train_accuracy:  0.7068888888888889 test_loss:  0.056908608034560125 test_accuracy:  0.7026666666666667
epoch:  299 train_loss:  0.05680351280166417 train_accuracy:  0.7064444444444444 test_loss:  0.056906870519322174 test_accuracy:  0.7022222222222222
epoch:  300 train_loss:  0.05680425236034839 train_accuracy:  0.7064444444444444 test_loss:  0.056907939423726475 test_accuracy:  0.702
